Nov 08, 2020 7:23:31 AM org.apache.catalina.startup.VersionLoggerListener log
INFO: Server version:        Apache Tomcat/7.0.94
Nov 08, 2020 7:23:31 AM org.apache.catalina.startup.VersionLoggerListener log
INFO: Server built:          Apr 10 2019 16:56:40 UTC
Nov 08, 2020 7:23:31 AM org.apache.catalina.startup.VersionLoggerListener log
INFO: Server number:         7.0.94.0
Nov 08, 2020 7:23:31 AM org.apache.catalina.startup.VersionLoggerListener log
INFO: OS Name:               Linux
Nov 08, 2020 7:23:31 AM org.apache.catalina.startup.VersionLoggerListener log
INFO: OS Version:            3.10.0-1062.12.1.el7.x86_64
Nov 08, 2020 7:23:31 AM org.apache.catalina.startup.VersionLoggerListener log
INFO: Architecture:          amd64
Nov 08, 2020 7:23:31 AM org.apache.catalina.startup.VersionLoggerListener log
INFO: Java Home:             /usr/lib/jvm/java-1.8.0-openjdk-1.8.0.262.b10-0.el7_8.x86_64/jre
Nov 08, 2020 7:23:31 AM org.apache.catalina.startup.VersionLoggerListener log
INFO: JVM Version:           1.8.0_262-b10
Nov 08, 2020 7:23:31 AM org.apache.catalina.startup.VersionLoggerListener log
INFO: JVM Vendor:            Oracle Corporation
Nov 08, 2020 7:23:31 AM org.apache.catalina.startup.VersionLoggerListener log
INFO: CATALINA_BASE:         /home/centos/project/apache-tomcat-7.0.94
Nov 08, 2020 7:23:31 AM org.apache.catalina.startup.VersionLoggerListener log
INFO: CATALINA_HOME:         /home/centos/project/apache-tomcat-7.0.94
Nov 08, 2020 7:23:31 AM org.apache.catalina.startup.VersionLoggerListener log
INFO: Command line argument: -Djava.util.logging.config.file=/home/centos/project/apache-tomcat-7.0.94/conf/logging.properties
Nov 08, 2020 7:23:31 AM org.apache.catalina.startup.VersionLoggerListener log
INFO: Command line argument: -Djava.util.logging.manager=org.apache.juli.ClassLoaderLogManager
Nov 08, 2020 7:23:31 AM org.apache.catalina.startup.VersionLoggerListener log
INFO: Command line argument: -Djdk.tls.ephemeralDHKeySize=2048
Nov 08, 2020 7:23:31 AM org.apache.catalina.startup.VersionLoggerListener log
INFO: Command line argument: -Dignore.endorsed.dirs=
Nov 08, 2020 7:23:31 AM org.apache.catalina.startup.VersionLoggerListener log
INFO: Command line argument: -Dcatalina.base=/home/centos/project/apache-tomcat-7.0.94
Nov 08, 2020 7:23:31 AM org.apache.catalina.startup.VersionLoggerListener log
INFO: Command line argument: -Dcatalina.home=/home/centos/project/apache-tomcat-7.0.94
Nov 08, 2020 7:23:31 AM org.apache.catalina.startup.VersionLoggerListener log
INFO: Command line argument: -Djava.io.tmpdir=/home/centos/project/apache-tomcat-7.0.94/temp
Nov 08, 2020 7:23:31 AM org.apache.catalina.core.AprLifecycleListener lifecycleEvent
INFO: The APR based Apache Tomcat Native library which allows optimal performance in production environments was not found on the java.library.path: /usr/java/packages/lib/amd64:/usr/lib64:/lib64:/lib:/usr/lib
Nov 08, 2020 7:23:31 AM org.apache.coyote.AbstractProtocol init
INFO: Initializing ProtocolHandler ["http-bio-8080"]
Nov 08, 2020 7:23:31 AM org.apache.coyote.AbstractProtocol init
SEVERE: Failed to initialize end point associated with ProtocolHandler ["http-bio-8080"]
java.net.BindException: Address already in use (Bind failed) <null>:8080
	at org.apache.tomcat.util.net.JIoEndpoint.bind(JIoEndpoint.java:414)
	at org.apache.tomcat.util.net.AbstractEndpoint.init(AbstractEndpoint.java:728)
	at org.apache.coyote.AbstractProtocol.init(AbstractProtocol.java:452)
	at org.apache.coyote.http11.AbstractHttp11JsseProtocol.init(AbstractHttp11JsseProtocol.java:119)
	at org.apache.catalina.connector.Connector.initInternal(Connector.java:978)
	at org.apache.catalina.util.LifecycleBase.init(LifecycleBase.java:102)
	at org.apache.catalina.core.StandardService.initInternal(StandardService.java:560)
	at org.apache.catalina.util.LifecycleBase.init(LifecycleBase.java:102)
	at org.apache.catalina.core.StandardServer.initInternal(StandardServer.java:840)
	at org.apache.catalina.util.LifecycleBase.init(LifecycleBase.java:102)
	at org.apache.catalina.startup.Catalina.load(Catalina.java:660)
	at org.apache.catalina.startup.Catalina.load(Catalina.java:685)
	at sun.reflect.NativeMethodAccessorImpl.invoke0(Native Method)
	at sun.reflect.NativeMethodAccessorImpl.invoke(NativeMethodAccessorImpl.java:62)
	at sun.reflect.DelegatingMethodAccessorImpl.invoke(DelegatingMethodAccessorImpl.java:43)
	at java.lang.reflect.Method.invoke(Method.java:498)
	at org.apache.catalina.startup.Bootstrap.load(Bootstrap.java:253)
	at org.apache.catalina.startup.Bootstrap.main(Bootstrap.java:427)
Caused by: java.net.BindException: Address already in use (Bind failed)
	at java.net.PlainSocketImpl.socketBind(Native Method)
	at java.net.AbstractPlainSocketImpl.bind(AbstractPlainSocketImpl.java:387)
	at java.net.ServerSocket.bind(ServerSocket.java:390)
	at java.net.ServerSocket.<init>(ServerSocket.java:252)
	at java.net.ServerSocket.<init>(ServerSocket.java:196)
	at org.apache.tomcat.util.net.DefaultServerSocketFactory.createSocket(DefaultServerSocketFactory.java:49)
	at org.apache.tomcat.util.net.JIoEndpoint.bind(JIoEndpoint.java:401)
	... 17 more

Nov 08, 2020 7:23:31 AM org.apache.catalina.core.StandardService initInternal
SEVERE: Failed to initialize connector [Connector[HTTP/1.1-8080]]
org.apache.catalina.LifecycleException: Failed to initialize component [Connector[HTTP/1.1-8080]]
	at org.apache.catalina.util.LifecycleBase.init(LifecycleBase.java:107)
	at org.apache.catalina.core.StandardService.initInternal(StandardService.java:560)
	at org.apache.catalina.util.LifecycleBase.init(LifecycleBase.java:102)
	at org.apache.catalina.core.StandardServer.initInternal(StandardServer.java:840)
	at org.apache.catalina.util.LifecycleBase.init(LifecycleBase.java:102)
	at org.apache.catalina.startup.Catalina.load(Catalina.java:660)
	at org.apache.catalina.startup.Catalina.load(Catalina.java:685)
	at sun.reflect.NativeMethodAccessorImpl.invoke0(Native Method)
	at sun.reflect.NativeMethodAccessorImpl.invoke(NativeMethodAccessorImpl.java:62)
	at sun.reflect.DelegatingMethodAccessorImpl.invoke(DelegatingMethodAccessorImpl.java:43)
	at java.lang.reflect.Method.invoke(Method.java:498)
	at org.apache.catalina.startup.Bootstrap.load(Bootstrap.java:253)
	at org.apache.catalina.startup.Bootstrap.main(Bootstrap.java:427)
Caused by: org.apache.catalina.LifecycleException: Protocol handler initialization failed
	at org.apache.catalina.connector.Connector.initInternal(Connector.java:980)
	at org.apache.catalina.util.LifecycleBase.init(LifecycleBase.java:102)
	... 12 more
Caused by: java.net.BindException: Address already in use (Bind failed) <null>:8080
	at org.apache.tomcat.util.net.JIoEndpoint.bind(JIoEndpoint.java:414)
	at org.apache.tomcat.util.net.AbstractEndpoint.init(AbstractEndpoint.java:728)
	at org.apache.coyote.AbstractProtocol.init(AbstractProtocol.java:452)
	at org.apache.coyote.http11.AbstractHttp11JsseProtocol.init(AbstractHttp11JsseProtocol.java:119)
	at org.apache.catalina.connector.Connector.initInternal(Connector.java:978)
	... 13 more
Caused by: java.net.BindException: Address already in use (Bind failed)
	at java.net.PlainSocketImpl.socketBind(Native Method)
	at java.net.AbstractPlainSocketImpl.bind(AbstractPlainSocketImpl.java:387)
	at java.net.ServerSocket.bind(ServerSocket.java:390)
	at java.net.ServerSocket.<init>(ServerSocket.java:252)
	at java.net.ServerSocket.<init>(ServerSocket.java:196)
	at org.apache.tomcat.util.net.DefaultServerSocketFactory.createSocket(DefaultServerSocketFactory.java:49)
	at org.apache.tomcat.util.net.JIoEndpoint.bind(JIoEndpoint.java:401)
	... 17 more

Nov 08, 2020 7:23:31 AM org.apache.coyote.AbstractProtocol init
INFO: Initializing ProtocolHandler ["ajp-bio-8009"]
Nov 08, 2020 7:23:31 AM org.apache.catalina.startup.Catalina load
INFO: Initialization processed in 611 ms
Nov 08, 2020 7:23:31 AM org.apache.catalina.core.StandardService startInternal
INFO: Starting service Catalina
Nov 08, 2020 7:23:31 AM org.apache.catalina.core.StandardEngine startInternal
INFO: Starting Servlet Engine: Apache Tomcat/7.0.94
Nov 08, 2020 7:23:31 AM org.apache.catalina.startup.HostConfig deployDirectory
INFO: Deploying web application directory /home/centos/project/apache-tomcat-7.0.94/webapps/ROOT
Nov 08, 2020 7:23:32 AM org.apache.catalina.startup.HostConfig deployDirectory
INFO: Deployment of web application directory /home/centos/project/apache-tomcat-7.0.94/webapps/ROOT has finished in 291 ms
Nov 08, 2020 7:23:32 AM org.apache.catalina.startup.HostConfig deployDirectory
INFO: Deploying web application directory /home/centos/project/apache-tomcat-7.0.94/webapps/docs
Nov 08, 2020 7:23:32 AM org.apache.catalina.startup.HostConfig deployDirectory
INFO: Deployment of web application directory /home/centos/project/apache-tomcat-7.0.94/webapps/docs has finished in 62 ms
Nov 08, 2020 7:23:32 AM org.apache.catalina.startup.HostConfig deployDirectory
INFO: Deploying web application directory /home/centos/project/apache-tomcat-7.0.94/webapps/examples
Nov 08, 2020 7:23:32 AM org.apache.catalina.startup.HostConfig deployDirectory
INFO: Deployment of web application directory /home/centos/project/apache-tomcat-7.0.94/webapps/examples has finished in 206 ms
Nov 08, 2020 7:23:32 AM org.apache.catalina.startup.HostConfig deployDirectory
INFO: Deploying web application directory /home/centos/project/apache-tomcat-7.0.94/webapps/host-manager
Nov 08, 2020 7:23:32 AM org.apache.catalina.startup.HostConfig deployDirectory
INFO: Deployment of web application directory /home/centos/project/apache-tomcat-7.0.94/webapps/host-manager has finished in 39 ms
Nov 08, 2020 7:23:32 AM org.apache.catalina.startup.HostConfig deployDirectory
INFO: Deploying web application directory /home/centos/project/apache-tomcat-7.0.94/webapps/manager
Nov 08, 2020 7:23:32 AM org.apache.catalina.startup.HostConfig deployDirectory
INFO: Deployment of web application directory /home/centos/project/apache-tomcat-7.0.94/webapps/manager has finished in 43 ms
Nov 08, 2020 7:23:32 AM org.apache.coyote.AbstractProtocol start
INFO: Starting ProtocolHandler ["ajp-bio-8009"]
Nov 08, 2020 7:23:32 AM org.apache.catalina.startup.Catalina start
INFO: Server startup in 714 ms
Nov 08, 2020 7:29:57 AM org.apache.catalina.core.StandardServer await
INFO: A valid shutdown command was received via the shutdown port. Stopping the Server instance.
Nov 08, 2020 7:29:57 AM org.apache.coyote.AbstractProtocol pause
INFO: Pausing ProtocolHandler ["http-bio-8080"]
Nov 08, 2020 7:29:57 AM org.apache.coyote.AbstractProtocol pause
INFO: Pausing ProtocolHandler ["ajp-bio-8009"]
Nov 08, 2020 7:29:57 AM org.apache.catalina.core.StandardService stopInternal
INFO: Stopping service Catalina
Nov 08, 2020 7:29:57 AM org.apache.coyote.AbstractProtocol stop
INFO: Stopping ProtocolHandler ["ajp-bio-8009"]
Nov 08, 2020 7:29:57 AM org.apache.coyote.AbstractProtocol stop
INFO: Stopping ProtocolHandler ["http-bio-8080"]
Nov 08, 2020 7:29:57 AM org.apache.coyote.AbstractProtocol destroy
INFO: Destroying ProtocolHandler ["http-bio-8080"]
Nov 08, 2020 7:29:57 AM org.apache.coyote.AbstractProtocol destroy
INFO: Destroying ProtocolHandler ["ajp-bio-8009"]
Nov 08, 2020 7:30:04 AM org.apache.catalina.startup.VersionLoggerListener log
INFO: Server version:        Apache Tomcat/7.0.94
Nov 08, 2020 7:30:04 AM org.apache.catalina.startup.VersionLoggerListener log
INFO: Server built:          Apr 10 2019 16:56:40 UTC
Nov 08, 2020 7:30:04 AM org.apache.catalina.startup.VersionLoggerListener log
INFO: Server number:         7.0.94.0
Nov 08, 2020 7:30:04 AM org.apache.catalina.startup.VersionLoggerListener log
INFO: OS Name:               Linux
Nov 08, 2020 7:30:04 AM org.apache.catalina.startup.VersionLoggerListener log
INFO: OS Version:            3.10.0-1062.12.1.el7.x86_64
Nov 08, 2020 7:30:04 AM org.apache.catalina.startup.VersionLoggerListener log
INFO: Architecture:          amd64
Nov 08, 2020 7:30:04 AM org.apache.catalina.startup.VersionLoggerListener log
INFO: Java Home:             /usr/lib/jvm/java-1.8.0-openjdk-1.8.0.262.b10-0.el7_8.x86_64/jre
Nov 08, 2020 7:30:04 AM org.apache.catalina.startup.VersionLoggerListener log
INFO: JVM Version:           1.8.0_262-b10
Nov 08, 2020 7:30:04 AM org.apache.catalina.startup.VersionLoggerListener log
INFO: JVM Vendor:            Oracle Corporation
Nov 08, 2020 7:30:04 AM org.apache.catalina.startup.VersionLoggerListener log
INFO: CATALINA_BASE:         /home/centos/project/apache-tomcat-7.0.94
Nov 08, 2020 7:30:04 AM org.apache.catalina.startup.VersionLoggerListener log
INFO: CATALINA_HOME:         /home/centos/project/apache-tomcat-7.0.94
Nov 08, 2020 7:30:04 AM org.apache.catalina.startup.VersionLoggerListener log
INFO: Command line argument: -Djava.util.logging.config.file=/home/centos/project/apache-tomcat-7.0.94/conf/logging.properties
Nov 08, 2020 7:30:04 AM org.apache.catalina.startup.VersionLoggerListener log
INFO: Command line argument: -Djava.util.logging.manager=org.apache.juli.ClassLoaderLogManager
Nov 08, 2020 7:30:04 AM org.apache.catalina.startup.VersionLoggerListener log
INFO: Command line argument: -Djdk.tls.ephemeralDHKeySize=2048
Nov 08, 2020 7:30:04 AM org.apache.catalina.startup.VersionLoggerListener log
INFO: Command line argument: -Dignore.endorsed.dirs=
Nov 08, 2020 7:30:04 AM org.apache.catalina.startup.VersionLoggerListener log
INFO: Command line argument: -Dcatalina.base=/home/centos/project/apache-tomcat-7.0.94
Nov 08, 2020 7:30:04 AM org.apache.catalina.startup.VersionLoggerListener log
INFO: Command line argument: -Dcatalina.home=/home/centos/project/apache-tomcat-7.0.94
Nov 08, 2020 7:30:04 AM org.apache.catalina.startup.VersionLoggerListener log
INFO: Command line argument: -Djava.io.tmpdir=/home/centos/project/apache-tomcat-7.0.94/temp
Nov 08, 2020 7:30:04 AM org.apache.catalina.core.AprLifecycleListener lifecycleEvent
INFO: The APR based Apache Tomcat Native library which allows optimal performance in production environments was not found on the java.library.path: /usr/java/packages/lib/amd64:/usr/lib64:/lib64:/lib:/usr/lib
Nov 08, 2020 7:30:04 AM org.apache.coyote.AbstractProtocol init
INFO: Initializing ProtocolHandler ["http-bio-9090"]
Nov 08, 2020 7:30:04 AM org.apache.coyote.AbstractProtocol init
INFO: Initializing ProtocolHandler ["ajp-bio-8009"]
Nov 08, 2020 7:30:04 AM org.apache.catalina.startup.Catalina load
INFO: Initialization processed in 563 ms
Nov 08, 2020 7:30:04 AM org.apache.catalina.core.StandardService startInternal
INFO: Starting service Catalina
Nov 08, 2020 7:30:04 AM org.apache.catalina.core.StandardEngine startInternal
INFO: Starting Servlet Engine: Apache Tomcat/7.0.94
Nov 08, 2020 7:30:04 AM org.apache.catalina.startup.HostConfig deployDirectory
INFO: Deploying web application directory /home/centos/project/apache-tomcat-7.0.94/webapps/ROOT
Nov 08, 2020 7:30:04 AM org.apache.catalina.startup.HostConfig deployDirectory
INFO: Deployment of web application directory /home/centos/project/apache-tomcat-7.0.94/webapps/ROOT has finished in 309 ms
Nov 08, 2020 7:30:04 AM org.apache.catalina.startup.HostConfig deployDirectory
INFO: Deploying web application directory /home/centos/project/apache-tomcat-7.0.94/webapps/docs
Nov 08, 2020 7:30:04 AM org.apache.catalina.startup.HostConfig deployDirectory
INFO: Deployment of web application directory /home/centos/project/apache-tomcat-7.0.94/webapps/docs has finished in 47 ms
Nov 08, 2020 7:30:04 AM org.apache.catalina.startup.HostConfig deployDirectory
INFO: Deploying web application directory /home/centos/project/apache-tomcat-7.0.94/webapps/examples
Nov 08, 2020 7:30:04 AM org.apache.catalina.startup.HostConfig deployDirectory
INFO: Deployment of web application directory /home/centos/project/apache-tomcat-7.0.94/webapps/examples has finished in 186 ms
Nov 08, 2020 7:30:04 AM org.apache.catalina.startup.HostConfig deployDirectory
INFO: Deploying web application directory /home/centos/project/apache-tomcat-7.0.94/webapps/host-manager
Nov 08, 2020 7:30:05 AM org.apache.catalina.startup.HostConfig deployDirectory
INFO: Deployment of web application directory /home/centos/project/apache-tomcat-7.0.94/webapps/host-manager has finished in 38 ms
Nov 08, 2020 7:30:05 AM org.apache.catalina.startup.HostConfig deployDirectory
INFO: Deploying web application directory /home/centos/project/apache-tomcat-7.0.94/webapps/manager
Nov 08, 2020 7:30:05 AM org.apache.catalina.startup.HostConfig deployDirectory
INFO: Deployment of web application directory /home/centos/project/apache-tomcat-7.0.94/webapps/manager has finished in 38 ms
Nov 08, 2020 7:30:05 AM org.apache.coyote.AbstractProtocol start
INFO: Starting ProtocolHandler ["http-bio-9090"]
Nov 08, 2020 7:30:05 AM org.apache.coyote.AbstractProtocol start
INFO: Starting ProtocolHandler ["ajp-bio-8009"]
Nov 08, 2020 7:30:05 AM org.apache.catalina.startup.Catalina start
INFO: Server startup in 669 ms
Nov 08, 2020 7:35:36 AM org.apache.catalina.core.StandardServer await
INFO: A valid shutdown command was received via the shutdown port. Stopping the Server instance.
Nov 08, 2020 7:35:36 AM org.apache.coyote.AbstractProtocol pause
INFO: Pausing ProtocolHandler ["http-bio-9090"]
Nov 08, 2020 7:35:36 AM org.apache.coyote.AbstractProtocol pause
INFO: Pausing ProtocolHandler ["ajp-bio-8009"]
Nov 08, 2020 7:35:36 AM org.apache.catalina.core.StandardService stopInternal
INFO: Stopping service Catalina
Nov 08, 2020 7:35:36 AM org.apache.coyote.AbstractProtocol stop
INFO: Stopping ProtocolHandler ["http-bio-9090"]
Nov 08, 2020 7:35:36 AM org.apache.coyote.AbstractProtocol stop
INFO: Stopping ProtocolHandler ["ajp-bio-8009"]
Nov 08, 2020 7:35:36 AM org.apache.coyote.AbstractProtocol destroy
INFO: Destroying ProtocolHandler ["http-bio-9090"]
Nov 08, 2020 7:35:36 AM org.apache.coyote.AbstractProtocol destroy
INFO: Destroying ProtocolHandler ["ajp-bio-8009"]
Nov 08, 2020 7:35:45 AM org.apache.catalina.startup.VersionLoggerListener log
INFO: Server version:        Apache Tomcat/7.0.94
Nov 08, 2020 7:35:45 AM org.apache.catalina.startup.VersionLoggerListener log
INFO: Server built:          Apr 10 2019 16:56:40 UTC
Nov 08, 2020 7:35:45 AM org.apache.catalina.startup.VersionLoggerListener log
INFO: Server number:         7.0.94.0
Nov 08, 2020 7:35:45 AM org.apache.catalina.startup.VersionLoggerListener log
INFO: OS Name:               Linux
Nov 08, 2020 7:35:45 AM org.apache.catalina.startup.VersionLoggerListener log
INFO: OS Version:            3.10.0-1062.12.1.el7.x86_64
Nov 08, 2020 7:35:45 AM org.apache.catalina.startup.VersionLoggerListener log
INFO: Architecture:          amd64
Nov 08, 2020 7:35:45 AM org.apache.catalina.startup.VersionLoggerListener log
INFO: Java Home:             /usr/lib/jvm/java-1.8.0-openjdk-1.8.0.262.b10-0.el7_8.x86_64/jre
Nov 08, 2020 7:35:45 AM org.apache.catalina.startup.VersionLoggerListener log
INFO: JVM Version:           1.8.0_262-b10
Nov 08, 2020 7:35:45 AM org.apache.catalina.startup.VersionLoggerListener log
INFO: JVM Vendor:            Oracle Corporation
Nov 08, 2020 7:35:45 AM org.apache.catalina.startup.VersionLoggerListener log
INFO: CATALINA_BASE:         /home/centos/project/apache-tomcat-7.0.94
Nov 08, 2020 7:35:45 AM org.apache.catalina.startup.VersionLoggerListener log
INFO: CATALINA_HOME:         /home/centos/project/apache-tomcat-7.0.94
Nov 08, 2020 7:35:45 AM org.apache.catalina.startup.VersionLoggerListener log
INFO: Command line argument: -Djava.util.logging.config.file=/home/centos/project/apache-tomcat-7.0.94/conf/logging.properties
Nov 08, 2020 7:35:45 AM org.apache.catalina.startup.VersionLoggerListener log
INFO: Command line argument: -Djava.util.logging.manager=org.apache.juli.ClassLoaderLogManager
Nov 08, 2020 7:35:45 AM org.apache.catalina.startup.VersionLoggerListener log
INFO: Command line argument: -Djdk.tls.ephemeralDHKeySize=2048
Nov 08, 2020 7:35:45 AM org.apache.catalina.startup.VersionLoggerListener log
INFO: Command line argument: -Dignore.endorsed.dirs=
Nov 08, 2020 7:35:45 AM org.apache.catalina.startup.VersionLoggerListener log
INFO: Command line argument: -Dcatalina.base=/home/centos/project/apache-tomcat-7.0.94
Nov 08, 2020 7:35:45 AM org.apache.catalina.startup.VersionLoggerListener log
INFO: Command line argument: -Dcatalina.home=/home/centos/project/apache-tomcat-7.0.94
Nov 08, 2020 7:35:45 AM org.apache.catalina.startup.VersionLoggerListener log
INFO: Command line argument: -Djava.io.tmpdir=/home/centos/project/apache-tomcat-7.0.94/temp
Nov 08, 2020 7:35:45 AM org.apache.catalina.core.AprLifecycleListener lifecycleEvent
INFO: The APR based Apache Tomcat Native library which allows optimal performance in production environments was not found on the java.library.path: /usr/java/packages/lib/amd64:/usr/lib64:/lib64:/lib:/usr/lib
Nov 08, 2020 7:35:45 AM org.apache.coyote.AbstractProtocol init
INFO: Initializing ProtocolHandler ["http-bio-9090"]
Nov 08, 2020 7:35:45 AM org.apache.coyote.AbstractProtocol init
INFO: Initializing ProtocolHandler ["ajp-bio-8009"]
Nov 08, 2020 7:35:45 AM org.apache.catalina.startup.Catalina load
INFO: Initialization processed in 560 ms
Nov 08, 2020 7:35:45 AM org.apache.catalina.core.StandardService startInternal
INFO: Starting service Catalina
Nov 08, 2020 7:35:45 AM org.apache.catalina.core.StandardEngine startInternal
INFO: Starting Servlet Engine: Apache Tomcat/7.0.94
Nov 08, 2020 7:35:45 AM org.apache.catalina.startup.HostConfig deployDirectory
INFO: Deploying web application directory /home/centos/project/apache-tomcat-7.0.94/webapps/ROOT
Nov 08, 2020 7:35:46 AM org.apache.catalina.startup.HostConfig deployDirectory
INFO: Deployment of web application directory /home/centos/project/apache-tomcat-7.0.94/webapps/ROOT has finished in 290 ms
Nov 08, 2020 7:35:46 AM org.apache.catalina.startup.HostConfig deployDirectory
INFO: Deploying web application directory /home/centos/project/apache-tomcat-7.0.94/webapps/docs
Nov 08, 2020 7:35:46 AM org.apache.catalina.startup.HostConfig deployDirectory
INFO: Deployment of web application directory /home/centos/project/apache-tomcat-7.0.94/webapps/docs has finished in 57 ms
Nov 08, 2020 7:35:46 AM org.apache.catalina.startup.HostConfig deployDirectory
INFO: Deploying web application directory /home/centos/project/apache-tomcat-7.0.94/webapps/examples
Nov 08, 2020 7:35:46 AM org.apache.catalina.startup.HostConfig deployDirectory
INFO: Deployment of web application directory /home/centos/project/apache-tomcat-7.0.94/webapps/examples has finished in 200 ms
Nov 08, 2020 7:35:46 AM org.apache.catalina.startup.HostConfig deployDirectory
INFO: Deploying web application directory /home/centos/project/apache-tomcat-7.0.94/webapps/host-manager
Nov 08, 2020 7:35:46 AM org.apache.catalina.startup.HostConfig deployDirectory
INFO: Deployment of web application directory /home/centos/project/apache-tomcat-7.0.94/webapps/host-manager has finished in 37 ms
Nov 08, 2020 7:35:46 AM org.apache.catalina.startup.HostConfig deployDirectory
INFO: Deploying web application directory /home/centos/project/apache-tomcat-7.0.94/webapps/manager
Nov 08, 2020 7:35:46 AM org.apache.catalina.startup.HostConfig deployDirectory
INFO: Deployment of web application directory /home/centos/project/apache-tomcat-7.0.94/webapps/manager has finished in 35 ms
Nov 08, 2020 7:35:46 AM org.apache.coyote.AbstractProtocol start
INFO: Starting ProtocolHandler ["http-bio-9090"]
Nov 08, 2020 7:35:46 AM org.apache.coyote.AbstractProtocol start
INFO: Starting ProtocolHandler ["ajp-bio-8009"]
Nov 08, 2020 7:35:46 AM org.apache.catalina.startup.Catalina start
INFO: Server startup in 680 ms
Nov 08, 2020 8:18:37 AM org.apache.catalina.startup.HostConfig deployWAR
INFO: Deploying web application archive /home/centos/project/apache-tomcat-7.0.94/webapps/app.war
Nov 08, 2020 8:18:37 AM org.apache.catalina.loader.WebappClassLoaderBase validateJarFile
INFO: validateJarFile(/home/centos/project/apache-tomcat-7.0.94/webapps/app/WEB-INF/lib/servlet-api-2.5.jar) - jar not loaded. See Servlet Spec 3.0, section 10.7.2. Offending class: javax/servlet/Servlet.class
Nov 08, 2020 8:18:37 AM org.apache.catalina.startup.HostConfig deployWAR
INFO: Deployment of web application archive /home/centos/project/apache-tomcat-7.0.94/webapps/app.war has finished in 87 ms
Nov 08, 2020 8:29:31 AM org.apache.catalina.startup.HostConfig undeploy
INFO: Undeploying context [/app]
Nov 08, 2020 8:29:31 AM org.apache.catalina.startup.HostConfig deployWAR
INFO: Deploying web application archive /home/centos/project/apache-tomcat-7.0.94/webapps/app.war
Nov 08, 2020 8:29:31 AM org.apache.catalina.loader.WebappClassLoaderBase validateJarFile
INFO: validateJarFile(/home/centos/project/apache-tomcat-7.0.94/webapps/app/WEB-INF/lib/servlet-api-2.5.jar) - jar not loaded. See Servlet Spec 3.0, section 10.7.2. Offending class: javax/servlet/Servlet.class
Nov 08, 2020 8:29:31 AM org.apache.catalina.startup.HostConfig deployWAR
INFO: Deployment of web application archive /home/centos/project/apache-tomcat-7.0.94/webapps/app.war has finished in 48 ms
Nov 08, 2020 8:29:31 AM org.apache.catalina.startup.HostConfig undeploy
INFO: Undeploying context [/app]
Nov 08, 2020 8:29:31 AM org.apache.catalina.startup.HostConfig deployWAR
INFO: Deploying web application archive /home/centos/project/apache-tomcat-7.0.94/webapps/app.war
Nov 08, 2020 8:29:31 AM org.apache.catalina.loader.WebappClassLoaderBase validateJarFile
INFO: validateJarFile(/home/centos/project/apache-tomcat-7.0.94/webapps/app/WEB-INF/lib/servlet-api-2.5.jar) - jar not loaded. See Servlet Spec 3.0, section 10.7.2. Offending class: javax/servlet/Servlet.class
Nov 08, 2020 8:29:31 AM org.apache.catalina.startup.HostConfig deployWAR
INFO: Deployment of web application archive /home/centos/project/apache-tomcat-7.0.94/webapps/app.war has finished in 38 ms
